<?xml version='1.0' encoding='UTF-8'?>
<testsuite hostname="Venkatas-MacBook-Pro.local" name="streams.BloxorzSuite" tests="4" errors="0" failures="0" skipped="0" time="0.16" timestamp="2020-12-10T20:58:17">
                     <properties>
[...]
</properties>
                     <testcase classname="streams.BloxorzSuite" name="find char level 1 (10pts)" time="0.045">
                                                 
                                               </testcase><testcase classname="streams.BloxorzSuite" name="terrain function level 1 (10pts)" time="0.009">
                                                 
                                               </testcase><testcase classname="streams.BloxorzSuite" name="optimal solution length for level 1 (5pts)" time="0.081">
                                                 
                                               </testcase><testcase classname="streams.BloxorzSuite" name="optimal solution for level 1 (5pts)" time="0.025">
                                                 
                                               </testcase>
                     <system-out><![CDATA[]]></system-out>
                     <system-err><![CDATA[]]></system-err>
                   </testsuite>